#
# There is insufficient memory for the Java Runtime Environment to continue.
# Native memory allocation (malloc) failed to allocate 803616 bytes for Chunk::new
# Possible reasons:
#   The system is out of physical RAM or swap space
#   In 32 bit mode, the process size limit was hit
# Possible solutions:
#   Reduce memory load on the system
#   Increase physical memory or swap space
#   Check if swap backing store is full
#   Use 64 bit Java on a 64 bit OS
#   Decrease Java heap size (-Xmx/-Xms)
#   Decrease number of Java threads
#   Decrease Java thread stack sizes (-Xss)
#   Set larger code cache with -XX:ReservedCodeCacheSize=
# This output file may be truncated or incomplete.
#
#  Out of Memory Error (allocation.cpp:390), pid=17388, tid=0x0000000000000358
#
# JRE version: Java(TM) SE Runtime Environment (8.0_191-b12) (build 1.8.0_191-b12)
# Java VM: Java HotSpot(TM) 64-Bit Server VM (25.191-b12 mixed mode windows-amd64 compressed oops)
# Failed to write core dump. Minidumps are not enabled by default on client versions of Windows
#

---------------  T H R E A D  ---------------

Current thread (0x000000001a552000):  JavaThread "C2 CompilerThread0" daemon [_thread_in_native, id=856, stack(0x000000001acc0000,0x000000001adc0000)]

Stack: [0x000000001acc0000,0x000000001adc0000]
[error occurred during error reporting (printing stack bounds), id 0xc0000005]

Native frames: (J=compiled Java code, j=interpreted, Vv=VM code, C=native code)


Current CompileTask:
C2:  28566 10793       4       com.sun.tools.javac.parser.JavacParser::term3 (2502 bytes)


---------------  P R O C E S S  ---------------

Java Threads: ( => current thread )
  0x000000002d310000 JavaThread "Cache worker for Java compile cache (C:\Users\Administrator\Desktop\zjf\FincialSystemApp\.gradle\6.7.1\javaCompile)" [_thread_blocked, id=25880, stack(0x0000000030250000,0x0000000030350000)]
  0x000000002d312800 JavaThread "Cache worker for Java compile cache (C:\Users\Administrator\.gradle\caches\6.7.1\javaCompile)" [_thread_blocked, id=22576, stack(0x0000000030150000,0x0000000030250000)]
  0x000000002d314800 JavaThread "stdout" [_thread_in_native, id=11400, stack(0x000000002fe50000,0x000000002ff50000)]
  0x000000002d310800 JavaThread "stderr" [_thread_in_native, id=25312, stack(0x000000002fd50000,0x000000002fe50000)]
  0x000000002d316000 JavaThread "pool-4-thread-1" [_thread_blocked, id=27080, stack(0x000000002fc50000,0x000000002fd50000)]
  0x0000000023f69000 JavaThread "WorkerExecutor Queue Thread 3" [_thread_blocked, id=14604, stack(0x000000002fb50000,0x000000002fc50000)]
  0x0000000023f68000 JavaThread "WorkerExecutor Queue Thread 2" [_thread_blocked, id=25936, stack(0x000000002fa50000,0x000000002fb50000)]
  0x0000000023f6d800 JavaThread "WorkerExecutor Queue" [_thread_blocked, id=25264, stack(0x000000002f950000,0x000000002fa50000)]
  0x0000000023f6c800 JavaThread "Cache worker for execution history cache (C:\Users\Administrator\Desktop\zjf\FincialSystemApp\.gradle\6.7.1\executionHistory)" [_thread_blocked, id=424, stack(0x000000002f250000,0x000000002f350000)]
  0x0000000023f6a800 JavaThread "Execution worker for ':' Thread 7" [_thread_blocked, id=24876, stack(0x000000002f150000,0x000000002f250000)]
  0x0000000023f6e000 JavaThread "Execution worker for ':' Thread 6" [_thread_blocked, id=17676, stack(0x000000002f050000,0x000000002f150000)]
  0x0000000023f6f000 JavaThread "Execution worker for ':' Thread 5" [_thread_blocked, id=9564, stack(0x000000002ef50000,0x000000002f050000)]
  0x000000001db3e000 JavaThread "Execution worker for ':' Thread 4" [_thread_in_Java, id=21092, stack(0x000000002ee50000,0x000000002ef50000)]
  0x000000001db3d000 JavaThread "Execution worker for ':' Thread 3" [_thread_blocked, id=15980, stack(0x000000002ed50000,0x000000002ee50000)]
  0x000000001db41000 JavaThread "Execution worker for ':' Thread 2" [_thread_blocked, id=20216, stack(0x000000002ec50000,0x000000002ed50000)]
  0x000000001db40000 JavaThread "Execution worker for ':'" [_thread_blocked, id=15708, stack(0x000000002e6e0000,0x000000002e7e0000)]
  0x000000001db3e800 JavaThread "build event listener" [_thread_blocked, id=15476, stack(0x000000002cf50000,0x000000002d050000)]
  0x000000001db41800 JavaThread "Memory manager" [_thread_blocked, id=21476, stack(0x000000002c850000,0x000000002c950000)]
  0x000000001db3c800 JavaThread "jar transforms Thread 107" [_thread_blocked, id=21184, stack(0x000000002bf50000,0x000000002c050000)]
  0x000000001db35000 JavaThread "jar transforms Thread 106" [_thread_blocked, id=14436, stack(0x000000002be50000,0x000000002bf50000)]
  0x000000001db3b800 JavaThread "jar transforms Thread 105" [_thread_blocked, id=14112, stack(0x000000002bd50000,0x000000002be50000)]
  0x000000001db3b000 JavaThread "jar transforms Thread 104" [_thread_blocked, id=2280, stack(0x000000002bc50000,0x000000002bd50000)]
  0x000000001db37000 JavaThread "jar transforms Thread 103" [_thread_blocked, id=804, stack(0x000000002bb50000,0x000000002bc50000)]
  0x000000001db33800 JavaThread "jar transforms Thread 102" [_thread_blocked, id=7268, stack(0x000000002ba50000,0x000000002bb50000)]
  0x000000001db34000 JavaThread "jar transforms Thread 101" [_thread_blocked, id=26496, stack(0x000000002b950000,0x000000002ba50000)]
  0x000000001db3a000 JavaThread "jar transforms Thread 100" [_thread_blocked, id=23476, stack(0x000000002b850000,0x000000002b950000)]
  0x000000001db38000 JavaThread "jar transforms Thread 99" [_thread_blocked, id=21296, stack(0x000000002b750000,0x000000002b850000)]
  0x000000001db39800 JavaThread "jar transforms Thread 98" [_thread_blocked, id=11300, stack(0x000000002b650000,0x000000002b750000)]
  0x000000001db36800 JavaThread "Build operations Thread 8" [_thread_blocked, id=18224, stack(0x000000002b550000,0x000000002b650000)]
  0x000000001db38800 JavaThread "Build operations Thread 7" [_thread_blocked, id=13752, stack(0x0000000025350000,0x0000000025450000)]
  0x000000001a55c000 JavaThread "Build operations Thread 6" [_thread_blocked, id=20532, stack(0x0000000025250000,0x0000000025350000)]
  0x000000001a559000 JavaThread "Build operations Thread 5" [_thread_blocked, id=19188, stack(0x0000000025150000,0x0000000025250000)]
  0x000000001a55e800 JavaThread "Build operations Thread 4" [_thread_blocked, id=8700, stack(0x0000000025050000,0x0000000025150000)]
  0x000000001a55d000 JavaThread "Build operations Thread 3" [_thread_blocked, id=24416, stack(0x0000000024f50000,0x0000000025050000)]
  0x0000000022340000 JavaThread "Build operations Thread 2" [_thread_blocked, id=22040, stack(0x0000000024e50000,0x0000000024f50000)]
  0x000000002233f800 JavaThread "Build operations" [_thread_blocked, id=8404, stack(0x0000000024d50000,0x0000000024e50000)]
  0x000000002233e800 JavaThread "Cache worker for Build Output Cleanup Cache (C:\Users\Administrator\Desktop\zjf\FincialSystemApp\.gradle\buildOutputCleanup)" [_thread_blocked, id=27440, stack(0x00000000247d0000,0x00000000248d0000)]
  0x000000002233d800 JavaThread "Cache worker for cache directory md-rule (C:\Users\Administrator\.gradle\caches\6.7.1\md-rule)" [_thread_blocked, id=12268, stack(0x0000000022a00000,0x0000000022b00000)]
  0x0000000022343000 JavaThread "Cache worker for cache directory md-supplier (C:\Users\Administrator\.gradle\caches\6.7.1\md-supplier)" [_thread_blocked, id=26364, stack(0x00000000216e0000,0x00000000217e0000)]
  0x0000000022335800 JavaThread "Cache worker for checksums cache (C:\Users\Administrator\Desktop\zjf\FincialSystemApp\.gradle\checksums)" [_thread_blocked, id=11124, stack(0x00000000213e0000,0x00000000214e0000)]
  0x000000002233a800 JavaThread "Cache worker for file hash cache (C:\Users\Administrator\Desktop\zjf\FincialSystemApp\.gradle\6.7.1\fileHashes)" [_thread_blocked, id=26204, stack(0x00000000212e0000,0x00000000213e0000)]
  0x0000000022337800 JavaThread "Thread-129" [_thread_blocked, id=8116, stack(0x000000001eb40000,0x000000001ec40000)]
  0x0000000022495800 JavaThread "Stdin handler" [_thread_blocked, id=9208, stack(0x000000001ea40000,0x000000001eb40000)]
  0x000000002249c800 JavaThread "Asynchronous log dispatcher for DefaultDaemonConnection: socket connection from /127.0.0.1:58902 to /127.0.0.1:58925" [_thread_blocked, id=24088, stack(0x000000001e940000,0x000000001ea40000)]
  0x0000000022499800 JavaThread "Cancel handler" [_thread_blocked, id=23224, stack(0x000000001e640000,0x000000001e740000)]
  0x0000000022495000 JavaThread "Handler for socket connection from /127.0.0.1:58902 to /127.0.0.1:58925" [_thread_in_native, id=2060, stack(0x000000001e540000,0x000000001e640000)]
  0x000000002249b800 JavaThread "jar transforms Thread 97" [_thread_blocked, id=14760, stack(0x000000002b450000,0x000000002b550000)]
  0x0000000022498800 JavaThread "jar transforms Thread 96" [_thread_blocked, id=22368, stack(0x000000002b350000,0x000000002b450000)]
  0x0000000022497000 JavaThread "jar transforms Thread 95" [_thread_blocked, id=23564, stack(0x000000002b250000,0x000000002b350000)]
  0x0000000022498000 JavaThread "jar transforms Thread 94" [_thread_blocked, id=27620, stack(0x000000002b150000,0x000000002b250000)]
  0x000000002249b000 JavaThread "jar transforms Thread 93" [_thread_blocked, id=23472, stack(0x000000002b050000,0x000000002b150000)]
  0x000000002249a000 JavaThread "jar transforms Thread 92" [_thread_blocked, id=21608, stack(0x000000002af50000,0x000000002b050000)]
  0x0000000022490800 JavaThread "jar transforms Thread 91" [_thread_blocked, id=24016, stack(0x000000002ae50000,0x000000002af50000)]
  0x0000000022496800 JavaThread "jar transforms Thread 90" [_thread_blocked, id=17300, stack(0x000000002ad50000,0x000000002ae50000)]
  0x0000000022492000 JavaThread "jar transforms Thread 89" [_thread_blocked, id=26696, stack(0x000000002ac50000,0x000000002ad50000)]
  0x000000002248d800 JavaThread "jar transforms Thread 88" [_thread_blocked, id=18500, stack(0x000000002ab50000,0x000000002ac50000)]
  0x000000002248f800 JavaThread "jar transforms Thread 87" [_thread_blocked, id=14636, stack(0x000000002aa50000,0x000000002ab50000)]
  0x000000002248e000 JavaThread "jar transforms Thread 86" [_thread_blocked, id=24904, stack(0x000000002a950000,0x000000002aa50000)]
  0x0000000022491000 JavaThread "jar transforms Thread 85" [_thread_blocked, id=9376, stack(0x000000002a850000,0x000000002a950000)]
  0x0000000022494000 JavaThread "jar transforms Thread 84" [_thread_blocked, id=24204, stack(0x000000002a750000,0x000000002a850000)]
  0x0000000022493800 JavaThread "jar transforms Thread 83" [_thread_blocked, id=21316, stack(0x000000002a650000,0x000000002a750000)]
  0x0000000022492800 JavaThread "jar transforms Thread 82" [_thread_blocked, id=27036, stack(0x000000002a550000,0x000000002a650000)]
  0x000000002248f000 JavaThread "jar transforms Thread 81" [_thread_blocked, id=24004, stack(0x000000002a450000,0x000000002a550000)]
  0x000000001b4bf000 JavaThread "jar transforms Thread 80" [_thread_blocked, id=26596, stack(0x000000002a350000,0x000000002a450000)]
  0x000000001b4bd000 JavaThread "jar transforms Thread 79" [_thread_blocked, id=16696, stack(0x000000002a250000,0x000000002a350000)]
  0x000000001b4c3000 JavaThread "jar transforms Thread 78" [_thread_blocked, id=2032, stack(0x000000002a150000,0x000000002a250000)]
  0x000000001b4bd800 JavaThread "jar transforms Thread 77" [_thread_blocked, id=26784, stack(0x000000002a050000,0x000000002a150000)]
  0x000000001b4be800 JavaThread "jar transforms Thread 76" [_thread_blocked, id=18208, stack(0x0000000029f50000,0x000000002a050000)]
  0x000000001b4c2000 JavaThread "jar transforms Thread 75" [_thread_blocked, id=16792, stack(0x0000000029e50000,0x0000000029f50000)]
  0x000000001b4c1800 JavaThread "jar transforms Thread 74" [_thread_blocked, id=980, stack(0x0000000029d50000,0x0000000029e50000)]
  0x000000001b4c0000 JavaThread "jar transforms Thread 73" [_thread_blocked, id=22984, stack(0x0000000029c50000,0x0000000029d50000)]
  0x000000001b4c0800 JavaThread "jar transforms Thread 72" [_thread_blocked, id=16824, stack(0x0000000029b50000,0x0000000029c50000)]
  0x000000001b4b5800 JavaThread "jar transforms Thread 71" [_thread_blocked, id=7744, stack(0x0000000029a50000,0x0000000029b50000)]
  0x000000001b4b7800 JavaThread "jar transforms Thread 70" [_thread_blocked, id=21388, stack(0x0000000029950000,0x0000000029a50000)]
  0x000000001b4bc000 JavaThread "jar transforms Thread 69" [_thread_blocked, id=25780, stack(0x0000000029850000,0x0000000029950000)]
  0x000000001b4b6000 JavaThread "jar transforms Thread 68" [_thread_blocked, id=1820, stack(0x0000000029650000,0x0000000029750000)]
  0x000000001b4b4800 JavaThread "jar transforms Thread 67" [_thread_blocked, id=24076, stack(0x0000000029550000,0x0000000029650000)]
  0x000000001b4ba000 JavaThread "jar transforms Thread 66" [_thread_blocked, id=21932, stack(0x0000000029450000,0x0000000029550000)]
  0x000000001b4b8800 JavaThread "jar transforms Thread 65" [_thread_blocked, id=23372, stack(0x0000000029350000,0x0000000029450000)]
  0x000000001b4b9000 JavaThread "jar transforms Thread 64" [_thread_blocked, id=23960, stack(0x0000000029250000,0x0000000029350000)]
  0x000000001b4bb800 JavaThread "jar transforms Thread 63" [_thread_blocked, id=17536, stack(0x0000000029150000,0x0000000029250000)]
  0x000000001b4b4000 JavaThread "jar transforms Thread 62" [_thread_blocked, id=20412, stack(0x0000000029050000,0x0000000029150000)]
  0x000000001b4ba800 JavaThread "jar transforms Thread 61" [_thread_blocked, id=5484, stack(0x0000000028f50000,0x0000000029050000)]
  0x000000001b4b7000 JavaThread "jar transforms Thread 60" [_thread_blocked, id=19324, stack(0x0000000028e50000,0x0000000028f50000)]
  0x000000001bcfe000 JavaThread "jar transforms Thread 59" [_thread_blocked, id=12060, stack(0x0000000028d50000,0x0000000028e50000)]
  0x000000001bd03000 JavaThread "jar transforms Thread 58" [_thread_blocked, id=1768, stack(0x0000000028c50000,0x0000000028d50000)]
  0x000000001bd02800 JavaThread "jar transforms Thread 57" [_thread_blocked, id=23892, stack(0x0000000028b50000,0x0000000028c50000)]
  0x000000001bd00000 JavaThread "jar transforms Thread 56" [_thread_blocked, id=21192, stack(0x0000000028a50000,0x0000000028b50000)]
  0x000000001bcff800 JavaThread "jar transforms Thread 55" [_thread_blocked, id=22464, stack(0x0000000028950000,0x0000000028a50000)]
  0x000000001bcfb000 JavaThread "jar transforms Thread 54" [_thread_blocked, id=10032, stack(0x0000000028850000,0x0000000028950000)]
  0x000000001bcfe800 JavaThread "jar transforms Thread 53" [_thread_blocked, id=26800, stack(0x0000000028750000,0x0000000028850000)]
  0x000000001bcfd000 JavaThread "jar transforms Thread 52" [_thread_blocked, id=9572, stack(0x0000000028650000,0x0000000028750000)]
  0x000000001bd01000 JavaThread "jar transforms Thread 51" [_thread_blocked, id=5264, stack(0x0000000028550000,0x0000000028650000)]
  0x000000001bd01800 JavaThread "jar transforms Thread 50" [_thread_blocked, id=22508, stack(0x0000000028450000,0x0000000028550000)]
  0x000000001bcfc800 JavaThread "jar transforms Thread 49" [_thread_blocked, id=17980, stack(0x0000000028350000,0x0000000028450000)]
  0x000000001bcf5000 JavaThread "jar transforms Thread 48" [_thread_blocked, id=22120, stack(0x0000000028250000,0x0000000028350000)]
  0x000000001bcfb800 JavaThread "jar transforms Thread 47" [_thread_blocked, id=27612, stack(0x0000000028150000,0x0000000028250000)]
  0x000000001bcfa000 JavaThread "jar transforms Thread 46" [_thread_blocked, id=7312, stack(0x0000000028050000,0x0000000028150000)]
  0x000000001bcf5800 JavaThread "jar transforms Thread 45" [_thread_blocked, id=24584, stack(0x0000000027f50000,0x0000000028050000)]
  0x000000001bcf9800 JavaThread "jar transforms Thread 44" [_thread_blocked, id=22980, stack(0x0000000027e50000,0x0000000027f50000)]
  0x000000001bcf8000 JavaThread "jar transforms Thread 43" [_thread_blocked, id=7720, stack(0x0000000027d50000,0x0000000027e50000)]
  0x000000001bcf4000 JavaThread "jar transforms Thread 42" [_thread_blocked, id=21256, stack(0x0000000027c50000,0x0000000027d50000)]
  0x000000001bcf8800 JavaThread "jar transforms Thread 41" [_thread_blocked, id=17424, stack(0x0000000027b50000,0x0000000027c50000)]
  0x000000001bcf7000 JavaThread "jar transforms Thread 40" [_thread_blocked, id=11064, stack(0x0000000027a50000,0x0000000027b50000)]
  0x000000001bcf6800 JavaThread "jar transforms Thread 39" [_thread_blocked, id=27368, stack(0x0000000027950000,0x0000000027a50000)]
  0x000000001b99a000 JavaThread "jar transforms Thread 38" [_thread_blocked, id=21936, stack(0x0000000027850000,0x0000000027950000)]
  0x000000001b997000 JavaThread "jar transforms Thread 37" [_thread_blocked, id=11912, stack(0x0000000027750000,0x0000000027850000)]
  0x000000001b999000 JavaThread "jar transforms Thread 36" [_thread_blocked, id=20460, stack(0x0000000027650000,0x0000000027750000)]
  0x000000001b998800 JavaThread "jar transforms Thread 35" [_thread_blocked, id=24272, stack(0x0000000027550000,0x0000000027650000)]
  0x000000001b996000 JavaThread "jar transforms Thread 34" [_thread_blocked, id=15976, stack(0x0000000027450000,0x0000000027550000)]
  0x000000001b997800 JavaThread "jar transforms Thread 33" [_thread_blocked, id=20588, stack(0x0000000027350000,0x0000000027450000)]
  0x000000001b994800 JavaThread "jar transforms Thread 32" [_thread_blocked, id=3212, stack(0x0000000027250000,0x0000000027350000)]
  0x000000001b995000 JavaThread "jar transforms Thread 31" [_thread_blocked, id=25552, stack(0x0000000027150000,0x0000000027250000)]
  0x000000001b98d000 JavaThread "jar transforms Thread 30" [_thread_blocked, id=25012, stack(0x0000000027050000,0x0000000027150000)]
  0x000000001b993800 JavaThread "jar transforms Thread 29" [_thread_blocked, id=2912, stack(0x0000000026f50000,0x0000000027050000)]
  0x000000001b993000 JavaThread "jar transforms Thread 28" [_thread_blocked, id=9664, stack(0x0000000026e50000,0x0000000026f50000)]
  0x000000001b992000 JavaThread "jar transforms Thread 27" [_thread_blocked, id=14612, stack(0x0000000026d50000,0x0000000026e50000)]
  0x000000001b98a800 JavaThread "jar transforms Thread 26" [_thread_blocked, id=21096, stack(0x0000000026c50000,0x0000000026d50000)]
  0x000000001b991800 JavaThread "jar transforms Thread 25" [_thread_blocked, id=25984, stack(0x0000000026b50000,0x0000000026c50000)]
  0x000000001b990800 JavaThread "jar transforms Thread 24" [_thread_blocked, id=18988, stack(0x0000000026a50000,0x0000000026b50000)]
  0x000000001b990000 JavaThread "jar transforms Thread 23" [_thread_blocked, id=26096, stack(0x0000000026950000,0x0000000026a50000)]
  0x000000001b98d800 JavaThread "jar transforms Thread 22" [_thread_blocked, id=26400, stack(0x0000000026850000,0x0000000026950000)]
  0x000000001b98f000 JavaThread "jar transforms Thread 21" [_thread_blocked, id=3724, stack(0x0000000026750000,0x0000000026850000)]
  0x000000001b98c000 JavaThread "jar transforms Thread 20" [_thread_blocked, id=15152, stack(0x0000000026650000,0x0000000026750000)]
  0x000000001b98b800 JavaThread "jar transforms Thread 19" [_thread_blocked, id=4512, stack(0x0000000026550000,0x0000000026650000)]
  0x000000001b98e800 JavaThread "jar transforms Thread 18" [_thread_blocked, id=23660, stack(0x0000000026450000,0x0000000026550000)]
  0x0000000023899000 JavaThread "jar transforms Thread 17" [_thread_blocked, id=24552, stack(0x0000000026350000,0x0000000026450000)]
  0x000000002389b800 JavaThread "jar transforms Thread 16" [_thread_blocked, id=26584, stack(0x0000000026250000,0x0000000026350000)]
  0x000000002389a800 JavaThread "jar transforms Thread 15" [_thread_blocked, id=18204, stack(0x0000000026150000,0x0000000026250000)]
  0x0000000023898800 JavaThread "jar transforms Thread 14" [_thread_blocked, id=5984, stack(0x0000000026050000,0x0000000026150000)]
  0x0000000023897800 JavaThread "jar transforms Thread 13" [_thread_blocked, id=14524, stack(0x0000000025f50000,0x0000000026050000)]
  0x0000000023895800 JavaThread "jar transforms Thread 12" [_thread_blocked, id=24268, stack(0x0000000025e50000,0x0000000025f50000)]
  0x000000002389c000 JavaThread "jar transforms Thread 11" [_thread_blocked, id=16432, stack(0x0000000025d50000,0x0000000025e50000)]
  0x000000002389a000 JavaThread "jar transforms Thread 10" [_thread_blocked, id=15696, stack(0x0000000025c50000,0x0000000025d50000)]
  0x0000000023897000 JavaThread "jar transforms Thread 9" [_thread_blocked, id=20408, stack(0x0000000025b50000,0x0000000025c50000)]
  0x0000000023896000 JavaThread "jar transforms Thread 8" [_thread_blocked, id=11880, stack(0x0000000025a50000,0x0000000025b50000)]
  0x0000000022344800 JavaThread "jar transforms Thread 7" [_thread_blocked, id=7616, stack(0x0000000025950000,0x0000000025a50000)]
  0x0000000022341800 JavaThread "jar transforms Thread 6" [_thread_blocked, id=23100, stack(0x0000000025850000,0x0000000025950000)]
  0x000000002233d000 JavaThread "jar transforms Thread 5" [_thread_blocked, id=23408, stack(0x0000000025750000,0x0000000025850000)]
  0x0000000022344000 JavaThread "jar transforms Thread 4" [_thread_blocked, id=248, stack(0x0000000025650000,0x0000000025750000)]
  0x0000000022341000 JavaThread "jar transforms Thread 3" [_thread_blocked, id=18888, stack(0x0000000025550000,0x0000000025650000)]
  0x0000000022342800 JavaThread "jar transforms Thread 2" [_thread_blocked, id=8872, stack(0x0000000025450000,0x0000000025550000)]
  0x000000002233b800 JavaThread "Cache worker for file content cache (C:\Users\Administrator\.gradle\caches\6.7.1\fileContent)" [_thread_blocked, id=23620, stack(0x0000000023300000,0x0000000023400000)]
  0x0000000022339000 JavaThread "jar transforms" [_thread_blocked, id=7388, stack(0x0000000023200000,0x0000000023300000)]
  0x0000000022336000 JavaThread "Cache worker for execution history cache (C:\Users\Administrator\.gradle\caches\6.7.1\executionHistory)" [_thread_blocked, id=21340, stack(0x0000000022b00000,0x0000000022c00000)]
  0x000000001a55b800 JavaThread "Cache worker for journal cache (C:\Users\Administrator\.gradle\caches\journal-1)" [_thread_blocked, id=26320, stack(0x0000000020fe0000,0x00000000210e0000)]
  0x000000001a55d800 JavaThread "File lock request listener" [_thread_in_native, id=6484, stack(0x000000001ff10000,0x0000000020010000)]
  0x000000001a55a800 JavaThread "Cache worker for file hash cache (C:\Users\Administrator\.gradle\caches\6.7.1\fileHashes)" [_thread_blocked, id=10044, stack(0x000000001ee40000,0x000000001ef40000)]
  0x000000001d624800 JavaThread "Daemon worker" [_thread_blocked, id=4628, stack(0x000000001e840000,0x000000001e940000)]
  0x000000001d612000 JavaThread "Daemon" [_thread_blocked, id=8544, stack(0x000000001e240000,0x000000001e340000)]
  0x000000001d59e000 JavaThread "Daemon periodic checks" [_thread_blocked, id=24128, stack(0x000000001e140000,0x000000001e240000)]
  0x000000001d59c000 JavaThread "Incoming local TCP Connector on port 58902" [_thread_in_native, id=24932, stack(0x000000001df90000,0x000000001e090000)]
  0x000000001d50d800 JavaThread "Daemon health stats" [_thread_blocked, id=25752, stack(0x000000001ca90000,0x000000001cb90000)]
  0x000000001a5f4800 JavaThread "Service Thread" daemon [_thread_blocked, id=24700, stack(0x000000001b0c0000,0x000000001b1c0000)]
  0x000000001a55f000 JavaThread "C1 CompilerThread3" daemon [_thread_blocked, id=17496, stack(0x000000001afc0000,0x000000001b0c0000)]
  0x000000001a55a000 JavaThread "C2 CompilerThread2" daemon [_thread_in_native, id=25952, stack(0x000000001aec0000,0x000000001afc0000)]
  0x000000001a555800 JavaThread "C2 CompilerThread1" daemon [_thread_in_native, id=20568, stack(0x000000001adc0000,0x000000001aec0000)]
=>0x000000001a552000 JavaThread "C2 CompilerThread0" daemon [_thread_in_native, id=856, stack(0x000000001acc0000,0x000000001adc0000)]
  0x000000001a54f000 JavaThread "Attach Listener" daemon [_thread_blocked, id=22600, stack(0x000000001abc0000,0x000000001acc0000)]
  0x000000001a4fc000 JavaThread "Signal Dispatcher" daemon [_thread_blocked, id=10076, stack(0x000000001aac0000,0x000000001abc0000)]
  0x000000001a4e1000 JavaThread "Finalizer" daemon [_thread_blocked, id=10040, stack(0x000000001a9c0000,0x000000001aac0000)]
  0x000000001a4e0800 JavaThread "Reference Handler" daemon [_thread_blocked, id=22260, stack(0x000000001a8c0000,0x000000001a9c0000)]
  0x0000000003592800 JavaThread "main" [_thread_blocked, id=6204, stack(0x0000000003490000,0x0000000003590000)]

Other Threads:
  0x00000000186f9800 VMThread [stack: 0x000000001a3c0000,0x000000001a4c0000] [id=11728]
  0x000000001a5a1000 WatcherThread [stack: 0x000000001b1c0000,0x000000001b2c0000] [id=24912]

VM state:not at safepoint (normal execution)

VM Mutex/Monitor currently owned by a thread: None

Heap:
 PSYoungGen      total 410624K, used 324743K [0x00000000d5580000, 0x00000000f0400000, 0x0000000100000000)
  eden space 384000K, 79% used [0x00000000d5580000,0x00000000e7f40aa8,0x00000000ecc80000)
  from space 26624K, 74% used [0x00000000ee780000,0x00000000efae11d0,0x00000000f0180000)
  to   space 27648K, 0% used [0x00000000ecc80000,0x00000000ecc80000,0x00000000ee780000)
 ParOldGen       total 432128K, used 36372K [0x0000000080000000, 0x000000009a600000, 0x00000000d5580000)
  object space 432128K, 8% used [0x0000000080000000,0x0000000082385060,0x000000009a600000)
 Metaspace       used 78592K, capacity 82622K, committed 82816K, reserved 1120256K
  class space    used 10853K, capacity 11583K, committed 11648K, reserved 1048576K

Card table byte_map: [0x0000000012a50000,0x0000000012e60000] byte_map_base: 0x0000000012650000

Marking Bits: (ParMarkBitMap*) 0x0000000051d83e30
 Begin Bits: [0x0000000013910000, 0x0000000015910000)
 End Bits:   [0x0000000015910000, 0x0000000017910000)

Polling page: 0x0000000000ff0000

CodeCache: size=245760Kb used=30310Kb max_used=30310Kb free=215449Kb
 bounds [0x0000000003690000, 0x0000000005450000, 0x0000000012690000]
 total_blobs=10198 nmethods=9368 adapters=740
 compilation: enabled

Compilation events (10 events):
Event: 28.559 Thread 0x000000001a55f000 nmethod 10845 0x0000000005423c50 code [0x0000000005423dc0, 0x0000000005424028]
Event: 28.559 Thread 0x000000001a55f000 10846       3       com.sun.tools.javac.parser.JavaTokenizer::scanNumber (282 bytes)
Event: 28.560 Thread 0x000000001a55f000 nmethod 10846 0x0000000005422c10 code [0x0000000005422e20, 0x0000000005423958]
Event: 28.560 Thread 0x000000001a55f000 10830       3       com.sun.tools.javac.parser.JavacParser::creator (812 bytes)
Event: 28.562 Thread 0x000000001a555800 nmethod 10841 0x00000000054206d0 code [0x0000000005420860, 0x0000000005420ff8]
Event: 28.562 Thread 0x000000001a555800 10847   !   4       com.sun.tools.javac.parser.JavaTokenizer::readToken (2243 bytes)
Event: 28.563 Thread 0x000000001a55f000 nmethod 10830 0x00000000054423d0 code [0x0000000005442b60, 0x0000000005447c78]
Event: 28.563 Thread 0x000000001a55f000 10848       3       com.sun.tools.javac.parser.JavacParser::foldStrings (193 bytes)
Event: 28.565 Thread 0x000000001a55f000 nmethod 10848 0x000000000544b0d0 code [0x000000000544b400, 0x000000000544cf48]
Event: 28.565 Thread 0x000000001a55f000 10835       3       com.sun.tools.javac.parser.Tokens$NumericToken::checkKind (43 bytes)

GC Heap History (10 events):
Event: 14.730 GC heap before
{Heap before GC invocations=7 (full 2):
 PSYoungGen      total 208896K, used 187392K [0x00000000d5580000, 0x00000000e5500000, 0x0000000100000000)
  eden space 187392K, 100% used [0x00000000d5580000,0x00000000e0c80000,0x00000000e0c80000)
  from space 21504K, 0% used [0x00000000e2180000,0x00000000e2180000,0x00000000e3680000)
  to   space 21504K, 0% used [0x00000000e0c80000,0x00000000e0c80000,0x00000000e2180000)
 ParOldGen       total 317440K, used 15843K [0x0000000080000000, 0x0000000093600000, 0x00000000d5580000)
  object space 317440K, 4% used [0x0000000080000000,0x0000000080f78ff0,0x0000000093600000)
 Metaspace       used 38641K, capacity 40438K, committed 40576K, reserved 1083392K
  class space    used 5354K, capacity 5716K, committed 5760K, reserved 1048576K
Event: 14.737 GC heap after
Heap after GC invocations=7 (full 2):
 PSYoungGen      total 208896K, used 9430K [0x00000000d5580000, 0x00000000e7e80000, 0x0000000100000000)
  eden space 187392K, 0% used [0x00000000d5580000,0x00000000d5580000,0x00000000e0c80000)
  from space 21504K, 43% used [0x00000000e0c80000,0x00000000e15b5800,0x00000000e2180000)
  to   space 16384K, 0% used [0x00000000e6e80000,0x00000000e6e80000,0x00000000e7e80000)
 ParOldGen       total 317440K, used 15851K [0x0000000080000000, 0x0000000093600000, 0x00000000d5580000)
  object space 317440K, 4% used [0x0000000080000000,0x0000000080f7aff0,0x0000000093600000)
 Metaspace       used 38641K, capacity 40438K, committed 40576K, reserved 1083392K
  class space    used 5354K, capacity 5716K, committed 5760K, reserved 1048576K
}
Event: 16.238 GC heap before
{Heap before GC invocations=8 (full 2):
 PSYoungGen      total 208896K, used 196822K [0x00000000d5580000, 0x00000000e7e80000, 0x0000000100000000)
  eden space 187392K, 100% used [0x00000000d5580000,0x00000000e0c80000,0x00000000e0c80000)
  from space 21504K, 43% used [0x00000000e0c80000,0x00000000e15b5800,0x00000000e2180000)
  to   space 16384K, 0% used [0x00000000e6e80000,0x00000000e6e80000,0x00000000e7e80000)
 ParOldGen       total 317440K, used 15851K [0x0000000080000000, 0x0000000093600000, 0x00000000d5580000)
  object space 317440K, 4% used [0x0000000080000000,0x0000000080f7aff0,0x0000000093600000)
 Metaspace       used 51453K, capacity 53724K, committed 53888K, reserved 1095680K
  class space    used 7020K, capacity 7477K, committed 7552K, reserved 1048576K
Event: 16.251 GC heap after
Heap after GC invocations=8 (full 2):
 PSYoungGen      total 281600K, used 16359K [0x00000000d5580000, 0x00000000e8500000, 0x0000000100000000)
  eden space 265216K, 0% used [0x00000000d5580000,0x00000000d5580000,0x00000000e5880000)
  from space 16384K, 99% used [0x00000000e6e80000,0x00000000e7e79d20,0x00000000e7e80000)
  to   space 22528K, 0% used [0x00000000e5880000,0x00000000e5880000,0x00000000e6e80000)
 ParOldGen       total 317440K, used 23222K [0x0000000080000000, 0x0000000093600000, 0x00000000d5580000)
  object space 317440K, 7% used [0x0000000080000000,0x00000000816adb60,0x0000000093600000)
 Metaspace       used 51453K, capacity 53724K, committed 53888K, reserved 1095680K
  class space    used 7020K, capacity 7477K, committed 7552K, reserved 1048576K
}
Event: 16.829 GC heap before
{Heap before GC invocations=9 (full 2):
 PSYoungGen      total 281600K, used 101934K [0x00000000d5580000, 0x00000000e8500000, 0x0000000100000000)
  eden space 265216K, 32% used [0x00000000d5580000,0x00000000da911d20,0x00000000e5880000)
  from space 16384K, 99% used [0x00000000e6e80000,0x00000000e7e79d20,0x00000000e7e80000)
  to   space 22528K, 0% used [0x00000000e5880000,0x00000000e5880000,0x00000000e6e80000)
 ParOldGen       total 317440K, used 23222K [0x0000000080000000, 0x0000000093600000, 0x00000000d5580000)
  object space 317440K, 7% used [0x0000000080000000,0x00000000816adb60,0x0000000093600000)
 Metaspace       used 56679K, capacity 59054K, committed 59136K, reserved 1099776K
  class space    used 7913K, capacity 8406K, committed 8448K, reserved 1048576K
Event: 16.844 GC heap after
Heap after GC invocations=9 (full 2):
 PSYoungGen      total 287744K, used 22520K [0x00000000d5580000, 0x00000000f0180000, 0x0000000100000000)
  eden space 265216K, 0% used [0x00000000d5580000,0x00000000d5580000,0x00000000e5880000)
  from space 22528K, 99% used [0x00000000e5880000,0x00000000e6e7e018,0x00000000e6e80000)
  to   space 26624K, 0% used [0x00000000ee780000,0x00000000ee780000,0x00000000f0180000)
 ParOldGen       total 317440K, used 24868K [0x0000000080000000, 0x0000000093600000, 0x00000000d5580000)
  object space 317440K, 7% used [0x0000000080000000,0x00000000818491f0,0x0000000093600000)
 Metaspace       used 56679K, capacity 59054K, committed 59136K, reserved 1099776K
  class space    used 7913K, capacity 8406K, committed 8448K, reserved 1048576K
}
Event: 16.844 GC heap before
{Heap before GC invocations=10 (full 3):
 PSYoungGen      total 287744K, used 22520K [0x00000000d5580000, 0x00000000f0180000, 0x0000000100000000)
  eden space 265216K, 0% used [0x00000000d5580000,0x00000000d5580000,0x00000000e5880000)
  from space 22528K, 99% used [0x00000000e5880000,0x00000000e6e7e018,0x00000000e6e80000)
  to   space 26624K, 0% used [0x00000000ee780000,0x00000000ee780000,0x00000000f0180000)
 ParOldGen       total 317440K, used 24868K [0x0000000080000000, 0x0000000093600000, 0x00000000d5580000)
  object space 317440K, 7% used [0x0000000080000000,0x00000000818491f0,0x0000000093600000)
 Metaspace       used 56679K, capacity 59054K, committed 59136K, reserved 1099776K
  class space    used 7913K, capacity 8406K, committed 8448K, reserved 1048576K
Event: 16.959 GC heap after
Heap after GC invocations=10 (full 3):
 PSYoungGen      total 287744K, used 0K [0x00000000d5580000, 0x00000000f0180000, 0x0000000100000000)
  eden space 265216K, 0% used [0x00000000d5580000,0x00000000d5580000,0x00000000e5880000)
  from space 22528K, 0% used [0x00000000e5880000,0x00000000e5880000,0x00000000e6e80000)
  to   space 26624K, 0% used [0x00000000ee780000,0x00000000ee780000,0x00000000f0180000)
 ParOldGen       total 432128K, used 36300K [0x0000000080000000, 0x000000009a600000, 0x00000000d5580000)
  object space 432128K, 8% used [0x0000000080000000,0x0000000082373050,0x000000009a600000)
 Metaspace       used 56679K, capacity 59054K, committed 59136K, reserved 1099776K
  class space    used 7913K, capacity 8406K, committed 8448K, reserved 1048576K
}
Event: 20.472 GC heap before
{Heap before GC invocations=11 (full 3):
 PSYoungGen      total 287744K, used 265216K [0x00000000d5580000, 0x00000000f0180000, 0x0000000100000000)
  eden space 265216K, 100% used [0x00000000d5580000,0x00000000e5880000,0x00000000e5880000)
  from space 22528K, 0% used [0x00000000e5880000,0x00000000e5880000,0x00000000e6e80000)
  to   space 26624K, 0% used [0x00000000ee780000,0x00000000ee780000,0x00000000f0180000)
 ParOldGen       total 432128K, used 36300K [0x0000000080000000, 0x000000009a600000, 0x00000000d5580000)
  object space 432128K, 8% used [0x0000000080000000,0x0000000082373050,0x000000009a600000)
 Metaspace       used 67173K, capacity 70946K, committed 71168K, reserved 1110016K
  class space    used 9436K, capacity 10124K, committed 10240K, reserved 1048576K
Event: 20.488 GC heap after
Heap after GC invocations=11 (full 3):
 PSYoungGen      total 410624K, used 19844K [0x00000000d5580000, 0x00000000f0400000, 0x0000000100000000)
  eden space 384000K, 0% used [0x00000000d5580000,0x00000000d5580000,0x00000000ecc80000)
  from space 26624K, 74% used [0x00000000ee780000,0x00000000efae11d0,0x00000000f0180000)
  to   space 27648K, 0% used [0x00000000ecc80000,0x00000000ecc80000,0x00000000ee780000)
 ParOldGen       total 432128K, used 36372K [0x0000000080000000, 0x000000009a600000, 0x00000000d5580000)
  object space 432128K, 8% used [0x0000000080000000,0x0000000082385060,0x000000009a600000)
 Metaspace       used 67173K, capacity 70946K, committed 71168K, reserved 1110016K
  class space    used 9436K, capacity 10124K, committed 10240K, reserved 1048576K
}

Deoptimization events (10 events):
Event: 28.401 Thread 0x000000001db3e000 Uncommon trap: reason=unstable_if action=reinterpret pc=0x00000000037b8a78 method=java.lang.CharacterData.of(I)Ljava/lang/CharacterData; @ 4
Event: 28.407 Thread 0x000000001db3e000 Uncommon trap: reason=unstable_if action=reinterpret pc=0x0000000005141524 method=java.lang.CharacterDataLatin1.digit(II)I @ 60
Event: 28.413 Thread 0x000000001db3e000 Uncommon trap: reason=unstable_if action=reinterpret pc=0x00000000046f8bd8 method=java.lang.Character.isHighSurrogate(C)Z @ 3
Event: 28.422 Thread 0x000000001db3e000 Uncommon trap: reason=unstable_if action=reinterpret pc=0x000000000528e370 method=java.lang.Character.isSurrogate(C)Z @ 3
Event: 28.469 Thread 0x000000001db3e000 Uncommon trap: reason=unstable_if action=reinterpret pc=0x0000000003dd20c0 method=com.sun.tools.javac.util.Name$Table.equals([BI[BII)Z @ 22
Event: 28.478 Thread 0x000000001db3e000 Uncommon trap: reason=unstable_if action=reinterpret pc=0x0000000003a74b08 method=com.sun.tools.javac.parser.UnicodeReader.scanChar()V @ 37
Event: 28.498 Thread 0x000000001db3e000 Uncommon trap: reason=unstable_if action=reinterpret pc=0x00000000053c35a4 method=com.sun.tools.javac.parser.JavadocTokenizer$DocReader.scanChar()V @ 96
Event: 28.505 Thread 0x000000001db3e000 Uncommon trap: reason=unstable_if action=reinterpret pc=0x00000000042f6bcc method=com.sun.tools.javac.util.ArrayUtils.ensureCapacity([CI)[C @ 3
Event: 28.507 Thread 0x000000001db3e000 Uncommon trap: reason=unstable_if action=reinterpret pc=0x00000000053c50b8 method=com.sun.tools.javac.util.Name$Table.equals([BI[BII)Z @ 22
Event: 28.547 Thread 0x000000001db3e000 Uncommon trap: reason=unstable_if action=reinterpret pc=0x00000000053fca10 method=com.sun.tools.javac.parser.JavaTokenizer.readToken()Lcom/sun/tools/javac/parser/Tokens$Token; @ 1279

Classes redefined (0 events):
No events

Internal exceptions (10 events):
Event: 23.707 Thread 0x0000000023f68000 Exception <a 'java/lang/NoSuchMethodError': java.lang.Object.lambda$comparingInt$7b0bb60$1(Ljava/util/function/ToIntFunction;Ljava/lang/Object;Ljava/lang/Object;)I> (0x00000000df5a06d0) thrown at [C:\re\workspace\8-2-build-windows-amd64-cygwin\jdk8u191\11
Event: 24.358 Thread 0x0000000023f68000 Exception <a 'sun/nio/fs/WindowsException'> (0x00000000e1cdd3c8) thrown at [C:\re\workspace\8-2-build-windows-amd64-cygwin\jdk8u191\11896\hotspot\src\share\vm\prims\jni.cpp, line 709]
Event: 24.359 Thread 0x0000000023f68000 Exception <a 'sun/nio/fs/WindowsException'> (0x00000000e1cf8040) thrown at [C:\re\workspace\8-2-build-windows-amd64-cygwin\jdk8u191\11896\hotspot\src\share\vm\prims\jni.cpp, line 709]
Event: 24.359 Thread 0x0000000023f68000 Exception <a 'sun/nio/fs/WindowsException'> (0x00000000e1cf8a88) thrown at [C:\re\workspace\8-2-build-windows-amd64-cygwin\jdk8u191\11896\hotspot\src\share\vm\prims\jni.cpp, line 709]
Event: 25.335 Thread 0x000000001db3e000 Exception <a 'sun/nio/fs/WindowsException'> (0x00000000e56d6d48) thrown at [C:\re\workspace\8-2-build-windows-amd64-cygwin\jdk8u191\11896\hotspot\src\share\vm\prims\jni.cpp, line 709]
Event: 25.335 Thread 0x000000001db3e000 Exception <a 'sun/nio/fs/WindowsException'> (0x00000000e56d8778) thrown at [C:\re\workspace\8-2-build-windows-amd64-cygwin\jdk8u191\11896\hotspot\src\share\vm\prims\jni.cpp, line 709]
Event: 25.337 Thread 0x000000001db3e000 Exception <a 'sun/nio/fs/WindowsException'> (0x00000000e5777dc8) thrown at [C:\re\workspace\8-2-build-windows-amd64-cygwin\jdk8u191\11896\hotspot\src\share\vm\prims\jni.cpp, line 709]
Event: 25.337 Thread 0x000000001db3e000 Exception <a 'sun/nio/fs/WindowsException'> (0x00000000e57792a8) thrown at [C:\re\workspace\8-2-build-windows-amd64-cygwin\jdk8u191\11896\hotspot\src\share\vm\prims\jni.cpp, line 709]
Event: 25.338 Thread 0x000000001db3e000 Exception <a 'sun/nio/fs/WindowsException'> (0x00000000e5787fb0) thrown at [C:\re\workspace\8-2-build-windows-amd64-cygwin\jdk8u191\11896\hotspot\src\share\vm\prims\jni.cpp, line 709]
Event: 25.338 Thread 0x000000001db3e000 Exception <a 'sun/nio/fs/WindowsException'> (0x00000000e57894a0) thrown at [C:\re\workspace\8-2-build-windows-amd64-cygwin\jdk8u191\11896\hotspot\src\share\vm\prims\jni.cpp, line 709]

Events (10 events):
Event: 28.525 loading class com/sun/tools/javac/tree/JCTree$JCPolyExpression$PolyKind done
Event: 28.525 loading class com/sun/tools/javac/tree/JCTree$JCLambda$ParameterKind
Event: 28.525 loading class com/sun/tools/javac/tree/JCTree$JCLambda$ParameterKind done
Event: 28.547 Thread 0x000000001db3e000 Uncommon trap: trap_request=0xffffff65 fr.pc=0x00000000053fca10
Event: 28.547 Thread 0x000000001db3e000 DEOPT PACKING pc=0x00000000053fca10 sp=0x000000002ef49cf0
Event: 28.547 Thread 0x000000001db3e000 DEOPT UNPACKING pc=0x00000000036d583b sp=0x000000002ef49cd8 mode 2
Event: 28.549 Thread 0x000000001db3e000 DEOPT PACKING pc=0x0000000004330352 sp=0x000000002ef439f0
Event: 28.549 Thread 0x000000001db3e000 DEOPT UNPACKING pc=0x00000000036d7890 sp=0x000000002ef43710 mode 0
Event: 28.554 Thread 0x000000001db3e000 DEOPT PACKING pc=0x0000000004330389 sp=0x000000002ef46180
Event: 28.554 Thread 0x000000001db3e000 DEOPT UNPACKING pc=0x00000000036d7890 sp=0x000000002ef45eb0 mode 0


Dynamic libraries:
0x00007ff645d70000 - 0x00007ff645da7000 	D:\JDK\jdk1.8.0_191\bin\java.exe
0x00007fffdd600000 - 0x00007fffdd7f0000 	C:\Windows\SYSTEM32\ntdll.dll
0x00007fffdc820000 - 0x00007fffdc8d2000 	C:\Windows\System32\KERNEL32.DLL
0x00007fffdb3e0000 - 0x00007fffdb683000 	C:\Windows\System32\KERNELBASE.dll
0x00007fffdbf50000 - 0x00007fffdbff3000 	C:\Windows\System32\ADVAPI32.dll
0x00007fffdc8e0000 - 0x00007fffdc97e000 	C:\Windows\System32\msvcrt.dll
0x00007fffdc000000 - 0x00007fffdc097000 	C:\Windows\System32\sechost.dll
0x00007fffdcab0000 - 0x00007fffdcbd0000 	C:\Windows\System32\RPCRT4.dll
0x00007fffdbdb0000 - 0x00007fffdbf44000 	C:\Windows\System32\USER32.dll
0x00007fffdaf10000 - 0x00007fffdaf31000 	C:\Windows\System32\win32u.dll
0x00007fffdd4b0000 - 0x00007fffdd4d6000 	C:\Windows\System32\GDI32.dll
0x00007fffdb1a0000 - 0x00007fffdb334000 	C:\Windows\System32\gdi32full.dll
0x00007fffdb340000 - 0x00007fffdb3de000 	C:\Windows\System32\msvcp_win.dll
0x00007fffdaf40000 - 0x00007fffdb03a000 	C:\Windows\System32\ucrtbase.dll
0x00007fffc7140000 - 0x00007fffc73c5000 	C:\Windows\WinSxS\amd64_microsoft.windows.common-controls_6595b64144ccf1df_6.0.18362.592_none_e6c0b1911312be02\COMCTL32.dll
0x00007fffdba40000 - 0x00007fffdbd76000 	C:\Windows\System32\combase.dll
0x00007fffdad40000 - 0x00007fffdadc0000 	C:\Windows\System32\bcryptPrimitives.dll
0x00007fffdd4e0000 - 0x00007fffdd50e000 	C:\Windows\System32\IMM32.DLL
0x0000000051e10000 - 0x0000000051ee2000 	D:\JDK\jdk1.8.0_191\jre\bin\msvcr100.dll
0x0000000051560000 - 0x0000000051e04000 	D:\JDK\jdk1.8.0_191\jre\bin\server\jvm.dll
0x00007fffdbd80000 - 0x00007fffdbd88000 	C:\Windows\System32\PSAPI.DLL
0x00007fffd6af0000 - 0x00007fffd6b14000 	C:\Windows\SYSTEM32\WINMM.dll
0x00007fffc28c0000 - 0x00007fffc28c9000 	C:\Windows\SYSTEM32\WSOCK32.dll
0x00007fffcb2d0000 - 0x00007fffcb2da000 	C:\Windows\SYSTEM32\VERSION.dll
0x00007fffdd440000 - 0x00007fffdd4af000 	C:\Windows\System32\WS2_32.dll
0x00007fffd6ac0000 - 0x00007fffd6aed000 	C:\Windows\SYSTEM32\WINMMBASE.dll
0x00007fffdb0a0000 - 0x00007fffdb0ea000 	C:\Windows\System32\cfgmgr32.dll
0x0000000051550000 - 0x000000005155f000 	D:\JDK\jdk1.8.0_191\jre\bin\verify.dll
0x0000000051520000 - 0x0000000051549000 	D:\JDK\jdk1.8.0_191\jre\bin\java.dll
0x0000000051500000 - 0x0000000051516000 	D:\JDK\jdk1.8.0_191\jre\bin\zip.dll
0x00007fffdc130000 - 0x00007fffdc815000 	C:\Windows\System32\SHELL32.dll
0x00007fffdc980000 - 0x00007fffdca29000 	C:\Windows\System32\shcore.dll
0x00007fffda5c0000 - 0x00007fffdad3f000 	C:\Windows\System32\windows.storage.dll
0x00007fffda570000 - 0x00007fffda58f000 	C:\Windows\System32\profapi.dll
0x00007fffda520000 - 0x00007fffda56a000 	C:\Windows\System32\powrprof.dll
0x00007fffda4d0000 - 0x00007fffda4e0000 	C:\Windows\System32\UMPDC.dll
0x00007fffdd170000 - 0x00007fffdd1c2000 	C:\Windows\System32\shlwapi.dll
0x00007fffda4e0000 - 0x00007fffda4f1000 	C:\Windows\System32\kernel.appcore.dll
0x00007fffdb690000 - 0x00007fffdb6a7000 	C:\Windows\System32\cryptsp.dll
0x00000000514e0000 - 0x00000000514fa000 	D:\JDK\jdk1.8.0_191\jre\bin\net.dll
0x00007fffd9ce0000 - 0x00007fffd9d47000 	C:\Windows\system32\mswsock.dll
0x00000000514c0000 - 0x00000000514d1000 	D:\JDK\jdk1.8.0_191\jre\bin\nio.dll
0x00007fffa5890000 - 0x00007fffa58b7000 	C:\Users\Administrator\.gradle\native\fdc75f09e3144964f2cf3f50f0aa648679c211496f362492102eb8c894070792\windows-amd64\native-platform.dll
0x00007ffef8d30000 - 0x00007ffef8ec6000 	C:\Users\Administrator\.gradle\native\12488b8bf47d2d4c9fbf2f6322a914ad602e24e48041cd04a747c6da556b65c4\windows-amd64\native-platform-file-events.dll
0x0000000051480000 - 0x000000005148d000 	D:\JDK\jdk1.8.0_191\jre\bin\management.dll
0x00007fffd9850000 - 0x00007fffd9883000 	C:\Windows\system32\rsaenh.dll
0x00007fffda590000 - 0x00007fffda5b6000 	C:\Windows\System32\bcrypt.dll
0x00007fffda3c0000 - 0x00007fffda3e5000 	C:\Windows\SYSTEM32\USERENV.dll
0x00007fffd9fc0000 - 0x00007fffd9fcc000 	C:\Windows\SYSTEM32\CRYPTBASE.dll
0x00007fffd99f0000 - 0x00007fffd9a2a000 	C:\Windows\SYSTEM32\IPHLPAPI.DLL
0x00007fffdc120000 - 0x00007fffdc128000 	C:\Windows\System32\NSI.dll
0x00007fffd1a40000 - 0x00007fffd1a56000 	C:\Windows\SYSTEM32\dhcpcsvc6.DLL
0x00007fffd1710000 - 0x00007fffd172c000 	C:\Windows\SYSTEM32\dhcpcsvc.DLL
0x00007fffd9a40000 - 0x00007fffd9b0a000 	C:\Windows\SYSTEM32\DNSAPI.dll
0x00007fffd57f0000 - 0x00007fffd57fb000 	C:\Windows\SYSTEM32\WINNSI.DLL

VM Arguments:
jvm_args: -Xmx2048m -Dfile.encoding=UTF-8 -Duser.country=CN -Duser.language=zh -Duser.variant 
java_command: org.gradle.launcher.daemon.bootstrap.GradleDaemon 6.7.1
java_class_path (initial): C:\Users\Administrator\.gradle\wrapper\dists\gradle-6.7.1-bin\bwlcbys1h7rz3272sye1xwiv6\gradle-6.7.1\lib\gradle-launcher-6.7.1.jar
Launcher Type: SUN_STANDARD

Environment Variables:
JAVA_HOME=D:\JDK\jdk1.8.0_191
CLASSPATH=C:\Users\Administrator\Desktop\zjf\FincialSystemApp\\gradle\wrapper\gradle-wrapper.jar
PATH=C:\Program Files\PowerShell\7;C:\Program Files (x86)\Aliyun\SASE\4.6.1\ProxyBin\;C:\Program Files (x86)\Aliyun\SASE\4.6.0\ProxyBin\;C:\Program Files (x86)\Aliyun\SASE\4.5.0\ProxyBin\;c:\Users\Administrator\AppData\Local\Programs\cursor\resources\app\bin;C:\Program Files (x86)\Aliyun\SASE\4.4.7\ProxyBin\;C:\Program Files (x86)\Aliyun\SASE\4.4.6\ProxyBin\;C:\Program Files (x86)\Aliyun\SASE\4.4.5\ProxyBin\;C:\Windows\system32;C:\Windows;C:\Windows\System32\Wbem;C:\Windows\System32\WindowsPowerShell\v1.0\;C:\Windows\System32\OpenSSH\;C:\Program Files\dotnet\;D:\JDK\jdk1.8.0_191\bin;D:\JDK\jdk1.8.0_191\jre\bin;C:\Program Files (x86)\Common Files\Oracle\Java\javapath;D:\gradle-7.2\bin;C:\Users\Administrator\AppData\Local\Android\Sdk\platform-tools;E:\maven\apache-maven-3.9.9\bin;D:\Git\cmd;E:\redis;E:\zookeeper-3.6.4\bin;E:\Erlang OTP\bin;E:\rabbitmq\rabbitmq_server-4.0.5\sbin;node_global;node_global\node_modules;C:\Users\Administrator\AppData\Local\Microsoft\WindowsApps;E:\nvm;C:\nvm4w\nodejs;E:\nvm\npm;C:\Program Files\PowerShell\7\;C:\Users\Administrator\AppData\Local\Microsoft\WindowsApps;E:\IntelliJ IDEA 2024.2.3\bin;;E:\nvm;C:\nvm4w\nodejs;C:\Users\Administrator\AppData\Local\Programs\cursor\resources\app\bin
USERNAME=Administrator
OS=Windows_NT
PROCESSOR_IDENTIFIER=Intel64 Family 6 Model 140 Stepping 1, GenuineIntel



---------------  S Y S T E M  ---------------

OS: Windows 10.0 , 64 bit Build 18362 (10.0.18362.329)

CPU:total 8 (initial active 8) (4 cores per cpu, 2 threads per core) family 6 model 140 stepping 1, cmov, cx8, fxsr, mmx, sse, sse2, sse3, ssse3, sse4.1, sse4.2, popcnt, avx, avx2, aes, clmul, erms, 3dnowpref, lzcnt, ht, tsc, tscinvbit, bmi1, bmi2, adx

Memory: 4k page, physical 33245284k(5543716k free), swap 52906208k(4200k free)

vm_info: Java HotSpot(TM) 64-Bit Server VM (25.191-b12) for windows-amd64 JRE (1.8.0_191-b12), built on Oct  6 2018 09:29:03 by "java_re" with MS VC++ 10.0 (VS2010)

time: Mon Apr 14 19:49:31 2025
elapsed time: 28 seconds (0d 0h 0m 28s)

